[0420/222347.425:ERROR:process_reader_win.cc(123)] NtOpenThread: {Acesso Negado} Um processo solicitou acesso a um objeto, mas o direito de acesso não lhe foi concedido. (0xc0000022)
[0420/222347.428:ERROR:exception_snapshot_win.cc(98)] thread ID 6968 not found in process
[0420/222347.435:ERROR:process_reader_win.cc(123)] NtOpenThread: {Acesso Negado} Um processo solicitou acesso a um objeto, mas o direito de acesso não lhe foi concedido. (0xc0000022)
[0420/222347.440:ERROR:exception_snapshot_win.cc(98)] thread ID 7600 not found in process
[0420/222347.442:ERROR:process_reader_win.cc(123)] NtOpenThread: {Acesso Negado} Um processo solicitou acesso a um objeto, mas o direito de acesso não lhe foi concedido. (0xc0000022)
[0420/222347.443:ERROR:exception_snapshot_win.cc(98)] thread ID 12680 not found in process
[0420/222347.443:ERROR:process_reader_win.cc(123)] NtOpenThread: {Acesso Negado} Um processo solicitou acesso a um objeto, mas o direito de acesso não lhe foi concedido. (0xc0000022)
[0420/222347.443:ERROR:exception_snapshot_win.cc(98)] thread ID 4740 not found in process
[0420/222347.457:ERROR:process_reader_win.cc(123)] NtOpenThread: {Acesso Negado} Um processo solicitou acesso a um objeto, mas o direito de acesso não lhe foi concedido. (0xc0000022)
[0420/222347.459:ERROR:exception_snapshot_win.cc(98)] thread ID 1064 not found in process
[0420/222347.490:ERROR:process_reader_win.cc(123)] NtOpenThread: {Acesso Negado} Um processo solicitou acesso a um objeto, mas o direito de acesso não lhe foi concedido. (0xc0000022)
[0420/222347.490:ERROR:exception_snapshot_win.cc(98)] thread ID 7716 not found in process
[0420/222347.498:ERROR:process_reader_win.cc(123)] NtOpenThread: {Acesso Negado} Um processo solicitou acesso a um objeto, mas o direito de acesso não lhe foi concedido. (0xc0000022)
[0420/222347.498:ERROR:exception_snapshot_win.cc(98)] thread ID 8344 not found in process
[0420/222347.536:ERROR:process_reader_win.cc(123)] NtOpenThread: {Acesso Negado} Um processo solicitou acesso a um objeto, mas o direito de acesso não lhe foi concedido. (0xc0000022)
[0420/222347.536:ERROR:exception_snapshot_win.cc(98)] thread ID 12808 not found in process
[0421/020041.892:ERROR:process_reader_win.cc(123)] NtOpenThread: {Acesso Negado} Um processo solicitou acesso a um objeto, mas o direito de acesso não lhe foi concedido. (0xc0000022)
[0421/020041.934:ERROR:process_reader_win.cc(123)] NtOpenThread: {Acesso Negado} Um processo solicitou acesso a um objeto, mas o direito de acesso não lhe foi concedido. (0xc0000022)
[0421/020043.404:ERROR:exception_snapshot_win.cc(98)] thread ID 1832 not found in process
[0421/020043.404:ERROR:exception_snapshot_win.cc(98)] thread ID 12464 not found in process
[0421/020424.818:ERROR:process_reader_win.cc(123)] NtOpenThread: {Acesso Negado} Um processo solicitou acesso a um objeto, mas o direito de acesso não lhe foi concedido. (0xc0000022)
[0421/020424.822:ERROR:exception_snapshot_win.cc(98)] thread ID 1560 not found in process
[0421/020424.872:ERROR:process_reader_win.cc(123)] NtOpenThread: {Acesso Negado} Um processo solicitou acesso a um objeto, mas o direito de acesso não lhe foi concedido. (0xc0000022)
[0421/020424.872:ERROR:exception_snapshot_win.cc(98)] thread ID 5012 not found in process
[0421/192957.295:ERROR:process_reader_win.cc(123)] NtOpenThread: {Acesso Negado} Um processo solicitou acesso a um objeto, mas o direito de acesso não lhe foi concedido. (0xc0000022)
[0421/192957.309:ERROR:process_reader_win.cc(123)] NtOpenThread: {Acesso Negado} Um processo solicitou acesso a um objeto, mas o direito de acesso não lhe foi concedido. (0xc0000022)
[0421/192958.946:ERROR:exception_snapshot_win.cc(98)] thread ID 7680 not found in process
[0421/192958.946:ERROR:exception_snapshot_win.cc(98)] thread ID 13252 not found in process
[0421/193259.935:ERROR:process_reader_win.cc(123)] NtOpenThread: {Acesso Negado} Um processo solicitou acesso a um objeto, mas o direito de acesso não lhe foi concedido. (0xc0000022)
[0421/193259.935:ERROR:exception_snapshot_win.cc(98)] thread ID 9140 not found in process
[0421/193259.956:ERROR:process_reader_win.cc(123)] NtOpenThread: {Acesso Negado} Um processo solicitou acesso a um objeto, mas o direito de acesso não lhe foi concedido. (0xc0000022)
[0421/193259.956:ERROR:exception_snapshot_win.cc(98)] thread ID 2864 not found in process
[0421/200709.627:ERROR:process_reader_win.cc(123)] NtOpenThread: {Acesso Negado} Um processo solicitou acesso a um objeto, mas o direito de acesso não lhe foi concedido. (0xc0000022)
[0421/200709.633:ERROR:exception_snapshot_win.cc(98)] thread ID 9904 not found in process
[0421/200709.678:ERROR:process_reader_win.cc(123)] NtOpenThread: {Acesso Negado} Um processo solicitou acesso a um objeto, mas o direito de acesso não lhe foi concedido. (0xc0000022)
[0421/200709.678:ERROR:exception_snapshot_win.cc(98)] thread ID 9900 not found in process
[0422/120458.637:ERROR:process_reader_win.cc(123)] NtOpenThread: {Acesso Negado} Um processo solicitou acesso a um objeto, mas o direito de acesso não lhe foi concedido. (0xc0000022)
[0422/120458.680:ERROR:process_reader_win.cc(123)] NtOpenThread: {Acesso Negado} Um processo solicitou acesso a um objeto, mas o direito de acesso não lhe foi concedido. (0xc0000022)
[0422/120500.262:ERROR:exception_snapshot_win.cc(98)] thread ID 6736 not found in process
[0422/120500.262:ERROR:exception_snapshot_win.cc(98)] thread ID 8548 not found in process
[0422/120608.001:ERROR:process_reader_win.cc(123)] NtOpenThread: {Acesso Negado} Um processo solicitou acesso a um objeto, mas o direito de acesso não lhe foi concedido. (0xc0000022)
[0422/120608.001:ERROR:exception_snapshot_win.cc(98)] thread ID 4164 not found in process
[0422/120608.004:ERROR:process_reader_win.cc(123)] NtOpenThread: {Acesso Negado} Um processo solicitou acesso a um objeto, mas o direito de acesso não lhe foi concedido. (0xc0000022)
[0422/120608.004:ERROR:exception_snapshot_win.cc(98)] thread ID 5320 not found in process
[0422/120608.034:ERROR:process_reader_win.cc(123)] NtOpenThread: {Acesso Negado} Um processo solicitou acesso a um objeto, mas o direito de acesso não lhe foi concedido. (0xc0000022)
[0422/120608.034:ERROR:exception_snapshot_win.cc(98)] thread ID 3540 not found in process
[0422/121121.765:ERROR:process_reader_win.cc(123)] NtOpenThread: {Acesso Negado} Um processo solicitou acesso a um objeto, mas o direito de acesso não lhe foi concedido. (0xc0000022)
[0422/121121.767:ERROR:exception_snapshot_win.cc(98)] thread ID 3464 not found in process
[0422/121121.769:ERROR:process_reader_win.cc(123)] NtOpenThread: {Acesso Negado} Um processo solicitou acesso a um objeto, mas o direito de acesso não lhe foi concedido. (0xc0000022)
[0422/121121.769:ERROR:exception_snapshot_win.cc(98)] thread ID 4288 not found in process
[0422/121121.795:ERROR:process_reader_win.cc(123)] NtOpenThread: {Acesso Negado} Um processo solicitou acesso a um objeto, mas o direito de acesso não lhe foi concedido. (0xc0000022)
[0422/121121.795:ERROR:exception_snapshot_win.cc(98)] thread ID 7816 not found in process
[0422/123604.274:ERROR:process_reader_win.cc(123)] NtOpenThread: {Acesso Negado} Um processo solicitou acesso a um objeto, mas o direito de acesso não lhe foi concedido. (0xc0000022)
[0422/123604.274:ERROR:exception_snapshot_win.cc(98)] thread ID 7328 not found in process
[0422/123604.290:ERROR:process_reader_win.cc(123)] NtOpenThread: {Acesso Negado} Um processo solicitou acesso a um objeto, mas o direito de acesso não lhe foi concedido. (0xc0000022)
[0422/123604.290:ERROR:exception_snapshot_win.cc(98)] thread ID 12384 not found in process
[0422/154516.620:ERROR:process_reader_win.cc(123)] NtOpenThread: {Acesso Negado} Um processo solicitou acesso a um objeto, mas o direito de acesso não lhe foi concedido. (0xc0000022)
[0422/154516.620:ERROR:exception_snapshot_win.cc(98)] thread ID 10352 not found in process
[0422/154516.679:ERROR:process_reader_win.cc(123)] NtOpenThread: {Acesso Negado} Um processo solicitou acesso a um objeto, mas o direito de acesso não lhe foi concedido. (0xc0000022)
[0422/154516.679:ERROR:exception_snapshot_win.cc(98)] thread ID 11108 not found in process
[0422/163535.106:ERROR:process_reader_win.cc(123)] NtOpenThread: {Acesso Negado} Um processo solicitou acesso a um objeto, mas o direito de acesso não lhe foi concedido. (0xc0000022)
[0422/163535.121:ERROR:process_reader_win.cc(123)] NtOpenThread: {Acesso Negado} Um processo solicitou acesso a um objeto, mas o direito de acesso não lhe foi concedido. (0xc0000022)
[0422/163536.738:ERROR:exception_snapshot_win.cc(98)] thread ID 940 not found in process
[0422/163536.738:ERROR:exception_snapshot_win.cc(98)] thread ID 15392 not found in process
[0422/170750.656:ERROR:process_reader_win.cc(123)] NtOpenThread: {Acesso Negado} Um processo solicitou acesso a um objeto, mas o direito de acesso não lhe foi concedido. (0xc0000022)
[0422/170750.659:ERROR:exception_snapshot_win.cc(98)] thread ID 15732 not found in process
[0422/170750.705:ERROR:process_reader_win.cc(123)] NtOpenThread: {Acesso Negado} Um processo solicitou acesso a um objeto, mas o direito de acesso não lhe foi concedido. (0xc0000022)
[0422/170750.705:ERROR:exception_snapshot_win.cc(98)] thread ID 11696 not found in process
[0422/172328.837:ERROR:process_reader_win.cc(123)] NtOpenThread: {Acesso Negado} Um processo solicitou acesso a um objeto, mas o direito de acesso não lhe foi concedido. (0xc0000022)
[0422/172328.841:ERROR:exception_snapshot_win.cc(98)] thread ID 12032 not found in process
[0422/172328.914:ERROR:process_reader_win.cc(123)] NtOpenThread: {Acesso Negado} Um processo solicitou acesso a um objeto, mas o direito de acesso não lhe foi concedido. (0xc0000022)
[0422/172328.915:ERROR:exception_snapshot_win.cc(98)] thread ID 2168 not found in process
[0422/180625.460:ERROR:process_reader_win.cc(123)] NtOpenThread: {Acesso Negado} Um processo solicitou acesso a um objeto, mas o direito de acesso não lhe foi concedido. (0xc0000022)
[0422/180625.469:ERROR:exception_snapshot_win.cc(98)] thread ID 8128 not found in process
[0422/180625.536:ERROR:process_reader_win.cc(123)] NtOpenThread: {Acesso Negado} Um processo solicitou acesso a um objeto, mas o direito de acesso não lhe foi concedido. (0xc0000022)
[0422/180625.536:ERROR:exception_snapshot_win.cc(98)] thread ID 15424 not found in process
[0422/184312.875:ERROR:process_reader_win.cc(123)] NtOpenThread: {Acesso Negado} Um processo solicitou acesso a um objeto, mas o direito de acesso não lhe foi concedido. (0xc0000022)
[0422/184312.878:ERROR:exception_snapshot_win.cc(98)] thread ID 5164 not found in process
[0422/184312.918:ERROR:process_reader_win.cc(123)] NtOpenThread: {Acesso Negado} Um processo solicitou acesso a um objeto, mas o direito de acesso não lhe foi concedido. (0xc0000022)
[0422/184312.919:ERROR:exception_snapshot_win.cc(98)] thread ID 10276 not found in process
[0422/185207.104:ERROR:process_reader_win.cc(123)] NtOpenThread: {Acesso Negado} Um processo solicitou acesso a um objeto, mas o direito de acesso não lhe foi concedido. (0xc0000022)
[0422/185207.106:ERROR:exception_snapshot_win.cc(98)] thread ID 16768 not found in process
[0422/185207.145:ERROR:process_reader_win.cc(123)] NtOpenThread: {Acesso Negado} Um processo solicitou acesso a um objeto, mas o direito de acesso não lhe foi concedido. (0xc0000022)
[0422/185207.145:ERROR:exception_snapshot_win.cc(98)] thread ID 16148 not found in process
[0422/185457.298:ERROR:process_reader_win.cc(123)] NtOpenThread: {Acesso Negado} Um processo solicitou acesso a um objeto, mas o direito de acesso não lhe foi concedido. (0xc0000022)
[0422/185457.300:ERROR:exception_snapshot_win.cc(98)] thread ID 15572 not found in process
[0422/185457.364:ERROR:process_reader_win.cc(123)] NtOpenThread: {Acesso Negado} Um processo solicitou acesso a um objeto, mas o direito de acesso não lhe foi concedido. (0xc0000022)
[0422/185457.364:ERROR:exception_snapshot_win.cc(98)] thread ID 16148 not found in process
[0422/195153.481:ERROR:process_reader_win.cc(123)] NtOpenThread: {Acesso Negado} Um processo solicitou acesso a um objeto, mas o direito de acesso não lhe foi concedido. (0xc0000022)
[0422/195153.483:ERROR:exception_snapshot_win.cc(98)] thread ID 5360 not found in process
[0422/195153.502:ERROR:process_reader_win.cc(123)] NtOpenThread: {Acesso Negado} Um processo solicitou acesso a um objeto, mas o direito de acesso não lhe foi concedido. (0xc0000022)
[0422/195153.502:ERROR:exception_snapshot_win.cc(98)] thread ID 3960 not found in process
[0422/195532.451:ERROR:process_reader_win.cc(123)] NtOpenThread: {Acesso Negado} Um processo solicitou acesso a um objeto, mas o direito de acesso não lhe foi concedido. (0xc0000022)
[0422/195532.452:ERROR:exception_snapshot_win.cc(98)] thread ID 15168 not found in process
[0422/195532.465:ERROR:process_reader_win.cc(123)] NtOpenThread: {Acesso Negado} Um processo solicitou acesso a um objeto, mas o direito de acesso não lhe foi concedido. (0xc0000022)
[0422/195532.465:ERROR:exception_snapshot_win.cc(98)] thread ID 10976 not found in process
[0423/143959.912:ERROR:process_reader_win.cc(123)] NtOpenThread: {Acesso Negado} Um processo solicitou acesso a um objeto, mas o direito de acesso não lhe foi concedido. (0xc0000022)
[0423/143959.965:ERROR:process_reader_win.cc(123)] NtOpenThread: {Acesso Negado} Um processo solicitou acesso a um objeto, mas o direito de acesso não lhe foi concedido. (0xc0000022)
[0423/144001.685:ERROR:exception_snapshot_win.cc(98)] thread ID 15788 not found in process
[0423/144001.685:ERROR:exception_snapshot_win.cc(98)] thread ID 8684 not found in process
[0423/144715.182:ERROR:process_reader_win.cc(123)] NtOpenThread: {Acesso Negado} Um processo solicitou acesso a um objeto, mas o direito de acesso não lhe foi concedido. (0xc0000022)
[0423/144715.184:ERROR:exception_snapshot_win.cc(98)] thread ID 15940 not found in process
[0423/144715.187:ERROR:process_reader_win.cc(123)] NtOpenThread: {Acesso Negado} Um processo solicitou acesso a um objeto, mas o direito de acesso não lhe foi concedido. (0xc0000022)
[0423/144715.187:ERROR:exception_snapshot_win.cc(98)] thread ID 4188 not found in process
[0423/144715.238:ERROR:process_reader_win.cc(123)] NtOpenThread: {Acesso Negado} Um processo solicitou acesso a um objeto, mas o direito de acesso não lhe foi concedido. (0xc0000022)
[0423/144715.239:ERROR:exception_snapshot_win.cc(98)] thread ID 7112 not found in process
[0423/145029.604:ERROR:process_reader_win.cc(123)] NtOpenThread: {Acesso Negado} Um processo solicitou acesso a um objeto, mas o direito de acesso não lhe foi concedido. (0xc0000022)
[0423/145029.605:ERROR:exception_snapshot_win.cc(98)] thread ID 16784 not found in process
[0423/145029.625:ERROR:process_reader_win.cc(123)] NtOpenThread: {Acesso Negado} Um processo solicitou acesso a um objeto, mas o direito de acesso não lhe foi concedido. (0xc0000022)
[0423/145029.625:ERROR:exception_snapshot_win.cc(98)] thread ID 7052 not found in process
[0423/213059.711:ERROR:process_reader_win.cc(123)] NtOpenThread: {Acesso Negado} Um processo solicitou acesso a um objeto, mas o direito de acesso não lhe foi concedido. (0xc0000022)
[0423/213059.817:ERROR:exception_snapshot_win.cc(98)] thread ID 10380 not found in process
[0423/213059.853:ERROR:process_reader_win.cc(123)] NtOpenThread: {Acesso Negado} Um processo solicitou acesso a um objeto, mas o direito de acesso não lhe foi concedido. (0xc0000022)
[0423/213059.853:ERROR:exception_snapshot_win.cc(98)] thread ID 7472 not found in process
[0423/213059.904:ERROR:process_reader_win.cc(151)] SuspendThread: Acesso negado. (0x5)
[0423/213059.904:ERROR:process_reader_win.cc(123)] NtOpenThread: {Acesso Negado} Um processo solicitou acesso a um objeto, mas o direito de acesso não lhe foi concedido. (0xc0000022)
[0423/213059.904:ERROR:exception_snapshot_win.cc(98)] thread ID 1136 not found in process
[0423/214106.366:ERROR:process_reader_win.cc(123)] NtOpenThread: {Acesso Negado} Um processo solicitou acesso a um objeto, mas o direito de acesso não lhe foi concedido. (0xc0000022)
[0423/214106.384:ERROR:process_reader_win.cc(123)] NtOpenThread: {Acesso Negado} Um processo solicitou acesso a um objeto, mas o direito de acesso não lhe foi concedido. (0xc0000022)
[0423/214108.012:ERROR:exception_snapshot_win.cc(98)] thread ID 14232 not found in process
[0423/214108.012:ERROR:exception_snapshot_win.cc(98)] thread ID 14712 not found in process
[0423/221624.007:ERROR:process_reader_win.cc(123)] NtOpenThread: {Acesso Negado} Um processo solicitou acesso a um objeto, mas o direito de acesso não lhe foi concedido. (0xc0000022)
[0423/221624.008:ERROR:exception_snapshot_win.cc(98)] thread ID 6612 not found in process
[0423/221624.042:ERROR:process_reader_win.cc(123)] NtOpenThread: {Acesso Negado} Um processo solicitou acesso a um objeto, mas o direito de acesso não lhe foi concedido. (0xc0000022)
[0423/221624.042:ERROR:exception_snapshot_win.cc(98)] thread ID 16296 not found in process
[0423/230544.806:ERROR:process_reader_win.cc(123)] NtOpenThread: {Acesso Negado} Um processo solicitou acesso a um objeto, mas o direito de acesso não lhe foi concedido. (0xc0000022)
[0423/230546.365:ERROR:exception_snapshot_win.cc(98)] thread ID 10144 not found in process
[0423/230544.824:ERROR:process_reader_win.cc(123)] NtOpenThread: {Acesso Negado} Um processo solicitou acesso a um objeto, mas o direito de acesso não lhe foi concedido. (0xc0000022)
[0423/230546.365:ERROR:exception_snapshot_win.cc(98)] thread ID 3336 not found in process
[0423/230838.429:ERROR:process_reader_win.cc(123)] NtOpenThread: {Acesso Negado} Um processo solicitou acesso a um objeto, mas o direito de acesso não lhe foi concedido. (0xc0000022)
[0423/230838.431:ERROR:exception_snapshot_win.cc(98)] thread ID 16392 not found in process
[0423/230838.449:ERROR:process_reader_win.cc(123)] NtOpenThread: {Acesso Negado} Um processo solicitou acesso a um objeto, mas o direito de acesso não lhe foi concedido. (0xc0000022)
[0423/230838.449:ERROR:exception_snapshot_win.cc(98)] thread ID 15032 not found in process
[0423/235601.293:ERROR:process_reader_win.cc(123)] NtOpenThread: {Acesso Negado} Um processo solicitou acesso a um objeto, mas o direito de acesso não lhe foi concedido. (0xc0000022)
[0423/235601.293:ERROR:exception_snapshot_win.cc(98)] thread ID 2972 not found in process
[0423/235601.307:ERROR:process_reader_win.cc(123)] NtOpenThread: {Acesso Negado} Um processo solicitou acesso a um objeto, mas o direito de acesso não lhe foi concedido. (0xc0000022)
[0423/235601.307:ERROR:exception_snapshot_win.cc(98)] thread ID 13096 not found in process
[0424/000836.770:ERROR:process_reader_win.cc(123)] NtOpenThread: {Acesso Negado} Um processo solicitou acesso a um objeto, mas o direito de acesso não lhe foi concedido. (0xc0000022)
[0424/000836.771:ERROR:exception_snapshot_win.cc(98)] thread ID 9324 not found in process
[0424/000836.783:ERROR:process_reader_win.cc(123)] NtOpenThread: {Acesso Negado} Um processo solicitou acesso a um objeto, mas o direito de acesso não lhe foi concedido. (0xc0000022)
[0424/000836.783:ERROR:exception_snapshot_win.cc(98)] thread ID 10144 not found in process
[0424/010259.880:ERROR:process_reader_win.cc(123)] NtOpenThread: {Acesso Negado} Um processo solicitou acesso a um objeto, mas o direito de acesso não lhe foi concedido. (0xc0000022)
[0424/010259.882:ERROR:exception_snapshot_win.cc(98)] thread ID 16700 not found in process
[0424/010259.923:ERROR:process_reader_win.cc(123)] NtOpenThread: {Acesso Negado} Um processo solicitou acesso a um objeto, mas o direito de acesso não lhe foi concedido. (0xc0000022)
[0424/010259.924:ERROR:exception_snapshot_win.cc(98)] thread ID 8736 not found in process
[0424/011312.054:ERROR:process_reader_win.cc(123)] NtOpenThread: {Acesso Negado} Um processo solicitou acesso a um objeto, mas o direito de acesso não lhe foi concedido. (0xc0000022)
[0424/011312.056:ERROR:exception_snapshot_win.cc(98)] thread ID 14488 not found in process
[0424/011312.102:ERROR:process_reader_win.cc(123)] NtOpenThread: {Acesso Negado} Um processo solicitou acesso a um objeto, mas o direito de acesso não lhe foi concedido. (0xc0000022)
[0424/011312.102:ERROR:exception_snapshot_win.cc(98)] thread ID 14280 not found in process
[0424/011555.819:ERROR:process_reader_win.cc(123)] NtOpenThread: {Acesso Negado} Um processo solicitou acesso a um objeto, mas o direito de acesso não lhe foi concedido. (0xc0000022)
[0424/011555.823:ERROR:exception_snapshot_win.cc(98)] thread ID 17304 not found in process
[0424/011555.900:ERROR:process_reader_win.cc(123)] NtOpenThread: {Acesso Negado} Um processo solicitou acesso a um objeto, mas o direito de acesso não lhe foi concedido. (0xc0000022)
[0424/011555.901:ERROR:exception_snapshot_win.cc(98)] thread ID 4740 not found in process
[0424/022836.619:ERROR:process_reader_win.cc(123)] NtOpenThread: {Acesso Negado} Um processo solicitou acesso a um objeto, mas o direito de acesso não lhe foi concedido. (0xc0000022)
[0424/022836.619:ERROR:exception_snapshot_win.cc(98)] thread ID 15024 not found in process
[0424/022836.635:ERROR:process_reader_win.cc(123)] NtOpenThread: {Acesso Negado} Um processo solicitou acesso a um objeto, mas o direito de acesso não lhe foi concedido. (0xc0000022)
[0424/022836.635:ERROR:exception_snapshot_win.cc(98)] thread ID 14368 not found in process
[0424/025328.976:ERROR:process_reader_win.cc(123)] NtOpenThread: {Acesso Negado} Um processo solicitou acesso a um objeto, mas o direito de acesso não lhe foi concedido. (0xc0000022)
[0424/025328.977:ERROR:exception_snapshot_win.cc(98)] thread ID 13960 not found in process
[0424/025329.014:ERROR:process_reader_win.cc(123)] NtOpenThread: {Acesso Negado} Um processo solicitou acesso a um objeto, mas o direito de acesso não lhe foi concedido. (0xc0000022)
[0424/025329.014:ERROR:exception_snapshot_win.cc(98)] thread ID 10640 not found in process
[0424/161125.216:ERROR:process_reader_win.cc(123)] NtOpenThread: {Acesso Negado} Um processo solicitou acesso a um objeto, mas o direito de acesso não lhe foi concedido. (0xc0000022)
[0424/161125.243:ERROR:process_reader_win.cc(123)] NtOpenThread: {Acesso Negado} Um processo solicitou acesso a um objeto, mas o direito de acesso não lhe foi concedido. (0xc0000022)
[0424/161127.019:ERROR:exception_snapshot_win.cc(98)] thread ID 1180 not found in process
[0424/161127.019:ERROR:exception_snapshot_win.cc(98)] thread ID 9928 not found in process
[0425/010630.720:ERROR:process_reader_win.cc(123)] NtOpenThread: {Acesso Negado} Um processo solicitou acesso a um objeto, mas o direito de acesso não lhe foi concedido. (0xc0000022)
[0425/010630.755:ERROR:process_reader_win.cc(123)] NtOpenThread: {Acesso Negado} Um processo solicitou acesso a um objeto, mas o direito de acesso não lhe foi concedido. (0xc0000022)
[0425/010632.248:ERROR:exception_snapshot_win.cc(98)] thread ID 7960 not found in process
[0425/010632.248:ERROR:exception_snapshot_win.cc(98)] thread ID 16536 not found in process
[0425/012243.921:ERROR:process_reader_win.cc(123)] NtOpenThread: {Acesso Negado} Um processo solicitou acesso a um objeto, mas o direito de acesso não lhe foi concedido. (0xc0000022)
[0425/012243.924:ERROR:exception_snapshot_win.cc(98)] thread ID 960 not found in process
[0425/012243.983:ERROR:process_reader_win.cc(123)] NtOpenThread: {Acesso Negado} Um processo solicitou acesso a um objeto, mas o direito de acesso não lhe foi concedido. (0xc0000022)
[0425/012243.983:ERROR:exception_snapshot_win.cc(98)] thread ID 9560 not found in process
[0425/012946.594:ERROR:process_reader_win.cc(123)] NtOpenThread: {Acesso Negado} Um processo solicitou acesso a um objeto, mas o direito de acesso não lhe foi concedido. (0xc0000022)
[0425/012946.594:ERROR:exception_snapshot_win.cc(98)] thread ID 4972 not found in process
[0425/012946.640:ERROR:process_reader_win.cc(123)] NtOpenThread: {Acesso Negado} Um processo solicitou acesso a um objeto, mas o direito de acesso não lhe foi concedido. (0xc0000022)
[0425/012946.640:ERROR:exception_snapshot_win.cc(98)] thread ID 8744 not found in process
[0425/013227.177:ERROR:process_reader_win.cc(123)] NtOpenThread: {Acesso Negado} Um processo solicitou acesso a um objeto, mas o direito de acesso não lhe foi concedido. (0xc0000022)
[0425/013227.180:ERROR:exception_snapshot_win.cc(98)] thread ID 9136 not found in process
[0425/013227.238:ERROR:process_reader_win.cc(123)] NtOpenThread: {Acesso Negado} Um processo solicitou acesso a um objeto, mas o direito de acesso não lhe foi concedido. (0xc0000022)
[0425/013227.238:ERROR:exception_snapshot_win.cc(98)] thread ID 16152 not found in process
[0425/021036.877:ERROR:process_reader_win.cc(123)] NtOpenThread: {Acesso Negado} Um processo solicitou acesso a um objeto, mas o direito de acesso não lhe foi concedido. (0xc0000022)
[0425/021036.879:ERROR:exception_snapshot_win.cc(98)] thread ID 8832 not found in process
[0425/021036.882:ERROR:process_reader_win.cc(123)] NtOpenThread: {Acesso Negado} Um processo solicitou acesso a um objeto, mas o direito de acesso não lhe foi concedido. (0xc0000022)
[0425/021036.882:ERROR:exception_snapshot_win.cc(98)] thread ID 14624 not found in process
[0425/021036.942:ERROR:process_reader_win.cc(123)] NtOpenThread: {Acesso Negado} Um processo solicitou acesso a um objeto, mas o direito de acesso não lhe foi concedido. (0xc0000022)
[0425/021036.943:ERROR:exception_snapshot_win.cc(98)] thread ID 6160 not found in process
[0425/021036.947:ERROR:process_reader_win.cc(123)] NtOpenThread: {Acesso Negado} Um processo solicitou acesso a um objeto, mas o direito de acesso não lhe foi concedido. (0xc0000022)
[0425/021036.953:ERROR:exception_snapshot_win.cc(98)] thread ID 6316 not found in process
[0425/023658.082:ERROR:process_reader_win.cc(123)] NtOpenThread: {Acesso Negado} Um processo solicitou acesso a um objeto, mas o direito de acesso não lhe foi concedido. (0xc0000022)
[0425/023658.084:ERROR:exception_snapshot_win.cc(98)] thread ID 9320 not found in process
[0425/023658.122:ERROR:process_reader_win.cc(123)] NtOpenThread: {Acesso Negado} Um processo solicitou acesso a um objeto, mas o direito de acesso não lhe foi concedido. (0xc0000022)
[0425/023658.122:ERROR:exception_snapshot_win.cc(98)] thread ID 8012 not found in process
[0425/023733.602:ERROR:process_reader_win.cc(123)] NtOpenThread: {Acesso Negado} Um processo solicitou acesso a um objeto, mas o direito de acesso não lhe foi concedido. (0xc0000022)
[0425/023733.604:ERROR:exception_snapshot_win.cc(98)] thread ID 3260 not found in process
[0425/023733.656:ERROR:process_reader_win.cc(123)] NtOpenThread: {Acesso Negado} Um processo solicitou acesso a um objeto, mas o direito de acesso não lhe foi concedido. (0xc0000022)
[0425/023733.656:ERROR:exception_snapshot_win.cc(98)] thread ID 14768 not found in process
[0425/024048.611:ERROR:process_reader_win.cc(123)] NtOpenThread: {Acesso Negado} Um processo solicitou acesso a um objeto, mas o direito de acesso não lhe foi concedido. (0xc0000022)
[0425/024048.613:ERROR:exception_snapshot_win.cc(98)] thread ID 1856 not found in process
[0425/024048.664:ERROR:process_reader_win.cc(123)] NtOpenThread: {Acesso Negado} Um processo solicitou acesso a um objeto, mas o direito de acesso não lhe foi concedido. (0xc0000022)
[0425/024048.665:ERROR:exception_snapshot_win.cc(98)] thread ID 14244 not found in process
[0425/024213.381:ERROR:process_reader_win.cc(123)] NtOpenThread: {Acesso Negado} Um processo solicitou acesso a um objeto, mas o direito de acesso não lhe foi concedido. (0xc0000022)
[0425/024213.386:ERROR:exception_snapshot_win.cc(98)] thread ID 9380 not found in process
[0425/024213.440:ERROR:process_reader_win.cc(123)] NtOpenThread: {Acesso Negado} Um processo solicitou acesso a um objeto, mas o direito de acesso não lhe foi concedido. (0xc0000022)
[0425/024213.440:ERROR:exception_snapshot_win.cc(98)] thread ID 9220 not found in process
[0425/024350.539:ERROR:process_reader_win.cc(123)] NtOpenThread: {Acesso Negado} Um processo solicitou acesso a um objeto, mas o direito de acesso não lhe foi concedido. (0xc0000022)
[0425/024350.542:ERROR:exception_snapshot_win.cc(98)] thread ID 7784 not found in process
[0425/024350.553:ERROR:process_reader_win.cc(123)] NtOpenThread: {Acesso Negado} Um processo solicitou acesso a um objeto, mas o direito de acesso não lhe foi concedido. (0xc0000022)
[0425/024350.553:ERROR:exception_snapshot_win.cc(98)] thread ID 16300 not found in process
[0425/024350.615:ERROR:process_reader_win.cc(123)] NtOpenThread: {Acesso Negado} Um processo solicitou acesso a um objeto, mas o direito de acesso não lhe foi concedido. (0xc0000022)
[0425/024350.615:ERROR:exception_snapshot_win.cc(98)] thread ID 5780 not found in process
[0425/025652.144:ERROR:process_reader_win.cc(123)] NtOpenThread: {Acesso Negado} Um processo solicitou acesso a um objeto, mas o direito de acesso não lhe foi concedido. (0xc0000022)
[0425/025652.145:ERROR:exception_snapshot_win.cc(98)] thread ID 8084 not found in process
[0425/025652.178:ERROR:process_reader_win.cc(123)] NtOpenThread: {Acesso Negado} Um processo solicitou acesso a um objeto, mas o direito de acesso não lhe foi concedido. (0xc0000022)
[0425/025652.178:ERROR:exception_snapshot_win.cc(98)] thread ID 13460 not found in process
[0425/025957.136:ERROR:process_reader_win.cc(123)] NtOpenThread: {Acesso Negado} Um processo solicitou acesso a um objeto, mas o direito de acesso não lhe foi concedido. (0xc0000022)
[0425/025957.137:ERROR:exception_snapshot_win.cc(98)] thread ID 15124 not found in process
[0425/025957.184:ERROR:process_reader_win.cc(123)] NtOpenThread: {Acesso Negado} Um processo solicitou acesso a um objeto, mas o direito de acesso não lhe foi concedido. (0xc0000022)
[0425/025957.185:ERROR:exception_snapshot_win.cc(98)] thread ID 5960 not found in process
[0425/130119.697:ERROR:process_reader_win.cc(123)] NtOpenThread: {Acesso Negado} Um processo solicitou acesso a um objeto, mas o direito de acesso não lhe foi concedido. (0xc0000022)
[0425/130119.717:ERROR:exception_snapshot_win.cc(98)] thread ID 10420 not found in process
[0425/130119.729:ERROR:process_reader_win.cc(123)] NtOpenThread: {Acesso Negado} Um processo solicitou acesso a um objeto, mas o direito de acesso não lhe foi concedido. (0xc0000022)
[0425/130119.729:ERROR:exception_snapshot_win.cc(98)] thread ID 4712 not found in process
[0425/130227.076:ERROR:process_reader_win.cc(123)] NtOpenThread: {Acesso Negado} Um processo solicitou acesso a um objeto, mas o direito de acesso não lhe foi concedido. (0xc0000022)
[0425/130227.079:ERROR:exception_snapshot_win.cc(98)] thread ID 8408 not found in process
[0425/130227.084:ERROR:process_reader_win.cc(123)] NtOpenThread: {Acesso Negado} Um processo solicitou acesso a um objeto, mas o direito de acesso não lhe foi concedido. (0xc0000022)
[0425/130227.085:ERROR:exception_snapshot_win.cc(98)] thread ID 11940 not found in process
[0425/130227.133:ERROR:process_reader_win.cc(123)] NtOpenThread: {Acesso Negado} Um processo solicitou acesso a um objeto, mas o direito de acesso não lhe foi concedido. (0xc0000022)
[0425/130227.133:ERROR:exception_snapshot_win.cc(98)] thread ID 11004 not found in process
[0425/130419.799:ERROR:process_reader_win.cc(123)] NtOpenThread: {Acesso Negado} Um processo solicitou acesso a um objeto, mas o direito de acesso não lhe foi concedido. (0xc0000022)
[0425/130419.803:ERROR:exception_snapshot_win.cc(98)] thread ID 6976 not found in process
[0425/130419.854:ERROR:process_reader_win.cc(123)] NtOpenThread: {Acesso Negado} Um processo solicitou acesso a um objeto, mas o direito de acesso não lhe foi concedido. (0xc0000022)
[0425/130419.854:ERROR:exception_snapshot_win.cc(98)] thread ID 6720 not found in process
[0425/130806.759:ERROR:process_reader_win.cc(123)] NtOpenThread: {Acesso Negado} Um processo solicitou acesso a um objeto, mas o direito de acesso não lhe foi concedido. (0xc0000022)
[0425/130806.759:ERROR:exception_snapshot_win.cc(98)] thread ID 1232 not found in process
[0425/130806.801:ERROR:process_reader_win.cc(123)] NtOpenThread: {Acesso Negado} Um processo solicitou acesso a um objeto, mas o direito de acesso não lhe foi concedido. (0xc0000022)
[0425/130806.801:ERROR:exception_snapshot_win.cc(98)] thread ID 12888 not found in process
[0425/133854.504:ERROR:process_reader_win.cc(123)] NtOpenThread: {Acesso Negado} Um processo solicitou acesso a um objeto, mas o direito de acesso não lhe foi concedido. (0xc0000022)
[0425/133854.504:ERROR:exception_snapshot_win.cc(98)] thread ID 12608 not found in process
[0425/133854.519:ERROR:process_reader_win.cc(123)] NtOpenThread: {Acesso Negado} Um processo solicitou acesso a um objeto, mas o direito de acesso não lhe foi concedido. (0xc0000022)
[0425/133854.519:ERROR:exception_snapshot_win.cc(98)] thread ID 15364 not found in process
[0425/134324.584:ERROR:process_reader_win.cc(123)] NtOpenThread: {Acesso Negado} Um processo solicitou acesso a um objeto, mas o direito de acesso não lhe foi concedido. (0xc0000022)
[0425/134324.588:ERROR:exception_snapshot_win.cc(98)] thread ID 6804 not found in process
[0425/134324.633:ERROR:process_reader_win.cc(123)] NtOpenThread: {Acesso Negado} Um processo solicitou acesso a um objeto, mas o direito de acesso não lhe foi concedido. (0xc0000022)
[0425/134324.633:ERROR:exception_snapshot_win.cc(98)] thread ID 12784 not found in process
[0425/142337.594:ERROR:process_reader_win.cc(123)] NtOpenThread: {Acesso Negado} Um processo solicitou acesso a um objeto, mas o direito de acesso não lhe foi concedido. (0xc0000022)
[0425/142337.594:ERROR:exception_snapshot_win.cc(98)] thread ID 11072 not found in process
[0425/142337.633:ERROR:process_reader_win.cc(123)] NtOpenThread: {Acesso Negado} Um processo solicitou acesso a um objeto, mas o direito de acesso não lhe foi concedido. (0xc0000022)
[0425/142337.633:ERROR:exception_snapshot_win.cc(98)] thread ID 7620 not found in process
[0426/115006.297:ERROR:process_reader_win.cc(123)] NtOpenThread: {Acesso Negado} Um processo solicitou acesso a um objeto, mas o direito de acesso não lhe foi concedido. (0xc0000022)
[0426/115006.308:ERROR:process_reader_win.cc(123)] NtOpenThread: {Acesso Negado} Um processo solicitou acesso a um objeto, mas o direito de acesso não lhe foi concedido. (0xc0000022)
[0426/115006.614:ERROR:exception_snapshot_win.cc(98)] thread ID 14404 not found in process
[0426/115006.614:ERROR:exception_snapshot_win.cc(98)] thread ID 12256 not found in process
[0426/115122.985:ERROR:process_reader_win.cc(123)] NtOpenThread: {Acesso Negado} Um processo solicitou acesso a um objeto, mas o direito de acesso não lhe foi concedido. (0xc0000022)
[0426/115122.985:ERROR:exception_snapshot_win.cc(98)] thread ID 296 not found in process
[0426/115122.985:ERROR:process_reader_win.cc(123)] NtOpenThread: {Acesso Negado} Um processo solicitou acesso a um objeto, mas o direito de acesso não lhe foi concedido. (0xc0000022)
[0426/115122.985:ERROR:exception_snapshot_win.cc(98)] thread ID 15228 not found in process
[0426/115415.447:ERROR:process_reader_win.cc(123)] NtOpenThread: {Acesso Negado} Um processo solicitou acesso a um objeto, mas o direito de acesso não lhe foi concedido. (0xc0000022)
[0426/115415.447:ERROR:exception_snapshot_win.cc(98)] thread ID 17188 not found in process
[0426/115415.466:ERROR:process_reader_win.cc(123)] NtOpenThread: {Acesso Negado} Um processo solicitou acesso a um objeto, mas o direito de acesso não lhe foi concedido. (0xc0000022)
[0426/115415.467:ERROR:exception_snapshot_win.cc(98)] thread ID 1032 not found in process
[0426/125124.026:ERROR:process_reader_win.cc(123)] NtOpenThread: {Acesso Negado} Um processo solicitou acesso a um objeto, mas o direito de acesso não lhe foi concedido. (0xc0000022)
[0426/125124.027:ERROR:exception_snapshot_win.cc(98)] thread ID 16980 not found in process
[0426/125124.043:ERROR:process_reader_win.cc(123)] NtOpenThread: {Acesso Negado} Um processo solicitou acesso a um objeto, mas o direito de acesso não lhe foi concedido. (0xc0000022)
[0426/125124.043:ERROR:exception_snapshot_win.cc(98)] thread ID 16096 not found in process
[0426/145038.089:ERROR:process_reader_win.cc(123)] NtOpenThread: {Acesso Negado} Um processo solicitou acesso a um objeto, mas o direito de acesso não lhe foi concedido. (0xc0000022)
[0426/145038.114:ERROR:process_reader_win.cc(123)] NtOpenThread: {Acesso Negado} Um processo solicitou acesso a um objeto, mas o direito de acesso não lhe foi concedido. (0xc0000022)
[0426/145039.749:ERROR:exception_snapshot_win.cc(98)] thread ID 7472 not found in process
[0426/145039.749:ERROR:exception_snapshot_win.cc(98)] thread ID 14116 not found in process
[0426/145039.749:ERROR:scoped_process_suspend.cc(40)] NtResumeProcess: Tentou-se acessar um processo de saída. (0xc000010a)
[0426/145039.752:ERROR:scoped_process_suspend.cc(40)] NtResumeProcess: Tentou-se acessar um processo de saída. (0xc000010a)
[0426/153919.459:ERROR:process_reader_win.cc(123)] NtOpenThread: {Acesso Negado} Um processo solicitou acesso a um objeto, mas o direito de acesso não lhe foi concedido. (0xc0000022)
[0426/153919.463:ERROR:exception_snapshot_win.cc(98)] thread ID 11884 not found in process
[0426/153919.531:ERROR:process_reader_win.cc(123)] NtOpenThread: {Acesso Negado} Um processo solicitou acesso a um objeto, mas o direito de acesso não lhe foi concedido. (0xc0000022)
[0426/153919.532:ERROR:exception_snapshot_win.cc(98)] thread ID 13720 not found in process
[0426/154758.618:ERROR:process_reader_win.cc(123)] NtOpenThread: {Acesso Negado} Um processo solicitou acesso a um objeto, mas o direito de acesso não lhe foi concedido. (0xc0000022)
[0426/154758.618:ERROR:exception_snapshot_win.cc(98)] thread ID 2760 not found in process
[0426/154758.671:ERROR:process_reader_win.cc(123)] NtOpenThread: {Acesso Negado} Um processo solicitou acesso a um objeto, mas o direito de acesso não lhe foi concedido. (0xc0000022)
[0426/154758.671:ERROR:exception_snapshot_win.cc(98)] thread ID 14252 not found in process
[0426/160826.933:ERROR:process_reader_win.cc(123)] NtOpenThread: {Acesso Negado} Um processo solicitou acesso a um objeto, mas o direito de acesso não lhe foi concedido. (0xc0000022)
[0426/160826.933:ERROR:exception_snapshot_win.cc(98)] thread ID 6160 not found in process
[0426/160826.975:ERROR:process_reader_win.cc(123)] NtOpenThread: {Acesso Negado} Um processo solicitou acesso a um objeto, mas o direito de acesso não lhe foi concedido. (0xc0000022)
[0426/160826.975:ERROR:exception_snapshot_win.cc(98)] thread ID 2720 not found in process
[0426/160827.044:ERROR:process_reader_win.cc(123)] NtOpenThread: {Acesso Negado} Um processo solicitou acesso a um objeto, mas o direito de acesso não lhe foi concedido. (0xc0000022)
[0426/160827.044:ERROR:exception_snapshot_win.cc(98)] thread ID 11868 not found in process
[0426/172132.045:ERROR:process_reader_win.cc(123)] NtOpenThread: {Acesso Negado} Um processo solicitou acesso a um objeto, mas o direito de acesso não lhe foi concedido. (0xc0000022)
[0426/172133.685:ERROR:exception_snapshot_win.cc(98)] thread ID 4236 not found in process
[0426/172132.056:ERROR:process_reader_win.cc(123)] NtOpenThread: {Acesso Negado} Um processo solicitou acesso a um objeto, mas o direito de acesso não lhe foi concedido. (0xc0000022)
[0426/172133.685:ERROR:exception_snapshot_win.cc(98)] thread ID 11212 not found in process
[0426/233106.562:ERROR:process_reader_win.cc(123)] NtOpenThread: {Acesso Negado} Um processo solicitou acesso a um objeto, mas o direito de acesso não lhe foi concedido. (0xc0000022)
[0426/233108.078:ERROR:exception_snapshot_win.cc(98)] thread ID 16344 not found in process
[0426/233106.598:ERROR:process_reader_win.cc(123)] NtOpenThread: {Acesso Negado} Um processo solicitou acesso a um objeto, mas o direito de acesso não lhe foi concedido. (0xc0000022)
[0426/233108.079:ERROR:exception_snapshot_win.cc(98)] thread ID 16440 not found in process
[0426/233108.079:ERROR:scoped_process_suspend.cc(40)] NtResumeProcess: Tentou-se acessar um processo de saída. (0xc000010a)
[0426/233108.079:ERROR:scoped_process_suspend.cc(40)] NtResumeProcess: Tentou-se acessar um processo de saída. (0xc000010a)
[0426/235651.677:ERROR:process_reader_win.cc(123)] NtOpenThread: {Acesso Negado} Um processo solicitou acesso a um objeto, mas o direito de acesso não lhe foi concedido. (0xc0000022)
[0426/235651.680:ERROR:exception_snapshot_win.cc(98)] thread ID 1984 not found in process
[0426/235651.684:ERROR:process_reader_win.cc(123)] NtOpenThread: {Acesso Negado} Um processo solicitou acesso a um objeto, mas o direito de acesso não lhe foi concedido. (0xc0000022)
[0426/235651.684:ERROR:exception_snapshot_win.cc(98)] thread ID 16764 not found in process
[0426/235651.722:ERROR:process_reader_win.cc(123)] NtOpenThread: {Acesso Negado} Um processo solicitou acesso a um objeto, mas o direito de acesso não lhe foi concedido. (0xc0000022)
[0426/235651.722:ERROR:exception_snapshot_win.cc(98)] thread ID 17396 not found in process
[0427/000648.396:ERROR:process_reader_win.cc(123)] NtOpenThread: {Acesso Negado} Um processo solicitou acesso a um objeto, mas o direito de acesso não lhe foi concedido. (0xc0000022)
[0427/000648.400:ERROR:exception_snapshot_win.cc(98)] thread ID 13104 not found in process
[0427/000648.405:ERROR:process_reader_win.cc(123)] NtOpenThread: {Acesso Negado} Um processo solicitou acesso a um objeto, mas o direito de acesso não lhe foi concedido. (0xc0000022)
[0427/000648.405:ERROR:exception_snapshot_win.cc(98)] thread ID 7508 not found in process
[0427/000648.441:ERROR:process_reader_win.cc(123)] NtOpenThread: {Acesso Negado} Um processo solicitou acesso a um objeto, mas o direito de acesso não lhe foi concedido. (0xc0000022)
[0427/000648.441:ERROR:exception_snapshot_win.cc(98)] thread ID 7740 not found in process
[0427/021209.936:ERROR:process_reader_win.cc(123)] NtOpenThread: {Acesso Negado} Um processo solicitou acesso a um objeto, mas o direito de acesso não lhe foi concedido. (0xc0000022)
[0427/021209.940:ERROR:exception_snapshot_win.cc(98)] thread ID 8724 not found in process
[0427/021209.958:ERROR:process_reader_win.cc(123)] NtOpenThread: {Acesso Negado} Um processo solicitou acesso a um objeto, mas o direito de acesso não lhe foi concedido. (0xc0000022)
[0427/021209.958:ERROR:exception_snapshot_win.cc(98)] thread ID 11752 not found in process
[0518/191855.235:ERROR:process_reader_win.cc(123)] NtOpenThread: {Acesso Negado} Um processo solicitou acesso a um objeto, mas o direito de acesso não lhe foi concedido. (0xc0000022)
[0518/191855.237:ERROR:exception_snapshot_win.cc(98)] thread ID 13076 not found in process
[0518/191855.237:ERROR:process_reader_win.cc(123)] NtOpenThread: {Acesso Negado} Um processo solicitou acesso a um objeto, mas o direito de acesso não lhe foi concedido. (0xc0000022)
[0518/191855.237:ERROR:exception_snapshot_win.cc(98)] thread ID 10320 not found in process
[0518/191855.262:ERROR:process_reader_win.cc(123)] NtOpenThread: {Acesso Negado} Um processo solicitou acesso a um objeto, mas o direito de acesso não lhe foi concedido. (0xc0000022)
[0518/191855.262:ERROR:exception_snapshot_win.cc(98)] thread ID 11440 not found in process
[0518/193016.703:ERROR:process_reader_win.cc(123)] NtOpenThread: {Acesso Negado} Um processo solicitou acesso a um objeto, mas o direito de acesso não lhe foi concedido. (0xc0000022)
[0518/193016.710:ERROR:exception_snapshot_win.cc(98)] thread ID 1388 not found in process
[0518/193016.712:ERROR:process_reader_win.cc(123)] NtOpenThread: {Acesso Negado} Um processo solicitou acesso a um objeto, mas o direito de acesso não lhe foi concedido. (0xc0000022)
[0518/193016.717:ERROR:exception_snapshot_win.cc(98)] thread ID 6884 not found in process
[0518/193016.724:ERROR:process_reader_win.cc(123)] NtOpenThread: {Acesso Negado} Um processo solicitou acesso a um objeto, mas o direito de acesso não lhe foi concedido. (0xc0000022)
[0518/193016.724:ERROR:exception_snapshot_win.cc(98)] thread ID 11768 not found in process
[0518/193016.805:ERROR:process_reader_win.cc(123)] NtOpenThread: {Acesso Negado} Um processo solicitou acesso a um objeto, mas o direito de acesso não lhe foi concedido. (0xc0000022)
[0518/193016.805:ERROR:exception_snapshot_win.cc(98)] thread ID 2888 not found in process
[0518/193016.812:ERROR:process_reader_win.cc(123)] NtOpenThread: {Acesso Negado} Um processo solicitou acesso a um objeto, mas o direito de acesso não lhe foi concedido. (0xc0000022)
[0518/193016.812:ERROR:exception_snapshot_win.cc(98)] thread ID 5224 not found in process
